Sencha Cmd 6.2.0.103 - Crash report
================================================
An error occurred while executing the following command: build production

Diagnostic information:
=======================
                         app.archivePath : archive                                           
                      app.bootstrap.base : /Users/waltyuqing/Documents/sencha_touch/touch-2.4.2/Projecttwo
                           app.build.dir : /Users/waltyuqing/Documents/sencha_touch/touch-2.4.2/build/private_cooker
                        app.cache.deltas : deltas                                            
                        app.cache.enable : true                                              
                           app.classpath : /Users/waltyuqing/Documents/sencha_touch/touch-2.4.2/Projecttwo/app.js,/Users/waltyuqing/Documents/sencha_touch/touch-2.4.2/Projecttwo/app
                         app.cmd.version : 6.2.0.103                                         
                          app.config.dir : /Users/waltyuqing/Documents/sencha_touch/touch-2.4.2/Projecttwo/.sencha/app
                   app.cordova.config.id : com.domain.private_cooker                         
                 app.cordova.config.name : private_cooker                                    
                 app.cordova.config.path : /Users/waltyuqing/Documents/sencha_touch/touch-2.4.2/Projecttwo/cordova
               app.cordova.config.target :                                                   
              app.cordova.config.verbose : false                                             
                   app.cordova.js.0.path : cordova.js                                        
               app.cordova.js.0.priority : 1000                                              
                 app.cordova.js.0.remote : true                                              
                   app.cordova.js.length : 1                                                 
                 app.cordova.microloader : /Users/waltyuqing/Documents/sencha_touch/touch-2.4.2/Projecttwo/.sencha/app/microloader/testing.js
                 app.cordova.output.base : /Users/waltyuqing/Documents/sencha_touch/touch-2.4.2/Projecttwo/cordova/www
         app.cordova.output.cache.enable : false                                             
        app.cordova.output.deltas.enable : false                                             
       app.cordova.output.manifest.embed : true                                              
                                 app.dir : /Users/waltyuqing/Documents/sencha_touch/touch-2.4.2/Projecttwo
                           app.framework : touch                                             
                   app.framework.version : 2.4.2.571                                         
                                  app.id : ed4bafd1-c9bc-46c7-9ea3-9d70e8d99270              
                       app.indexHtmlPath : index.html                                        
                                app.name : private_cooker                                    
                         app.output.base : /Users/waltyuqing/Documents/sencha_touch/touch-2.4.2/build/${build.environment}/private_cooker
           app.output.microloader.enable : true                                              
                  app.phonegap.config.id : com.domain.private_cooker                         
                app.phonegap.config.name : private_cooker                                    
                app.phonegap.config.path : /Users/waltyuqing/Documents/sencha_touch/touch-2.4.2/Projecttwo/phonegap
              app.phonegap.config.remote : false                                             
             app.phonegap.config.verbose : false                                             
                  app.phonegap.js.0.path : phonegap.js                                       
              app.phonegap.js.0.priority : 1000                                              
                app.phonegap.js.0.remote : true                                              
                  app.phonegap.js.length : 1                                                 
                app.phonegap.microloader : /Users/waltyuqing/Documents/sencha_touch/touch-2.4.2/Projecttwo/.sencha/app/microloader/testing.js
                app.phonegap.output.base : /Users/waltyuqing/Documents/sencha_touch/touch-2.4.2/Projecttwo/phonegap/www
        app.phonegap.output.cache.enable : false                                             
       app.phonegap.output.deltas.enable : false                                             
      app.phonegap.output.manifest.embed : true                                              
                      app.resource.paths :                                                   
        app.slicer.js.0.isWidgetManifest : true                                              
                    app.slicer.js.0.path : /Users/waltyuqing/Documents/sencha_touch/touch-2.4.2/Projecttwo/sass/example/custom.js
                    app.slicer.js.length : 1                                                 
                    buildenvironment.dir : /Users/waltyuqing/Documents/sencha_touch/touch-2.4.2/Projecttwo
               buildenvironment.load.dir : /Users/waltyuqing/Documents/sencha_touch/touch-2.4.2/Projecttwo
                          cmd.config.dir : /Users/waltyuqing/bin/Sencha/Cmd/6.2.0.103        
                                 cmd.dir : /Users/waltyuqing/bin/Sencha/Cmd/6.2.0.103        
                    cmd.framework.minver : 2.2.0                                             
                   cmd.framework.version : 2.99.99.99999                                     
                            cmd.jvm.args : -Xms128m -Xmx1024m -Dapple.awt.UIElement=true     
              cmd.merge.tool.args.araxis : -wait -merge -3 -a1 {base} {user} {generated} {out}
              cmd.merge.tool.args.kdiff3 : {base} {user} {generated} -o {out}                
             cmd.merge.tool.args.p4merge : {base} {user} {generated} {out}                   
           cmd.merge.tool.args.smartsync : {user} {generated} {base}                         
          cmd.merge.tool.args.sourcegear : --merge --result={out} {user} {base} {generated}  
            cmd.merge.tool.args.tortoise : -base:{base} -theirs:{generated} -mine:{user} -merged:{out}
                              cmd.minver : 3.0.0.0                                           
                            cmd.platform : osx                                               
                     cmd.unicode.escapes : /Users/waltyuqing/bin/Sencha/Cmd/6.2.0.103/unicode-escapes.json
                             cmd.version : 6.2.0.103                                         
                            cmd.web.port : 1841                                              
                     config.skipDownload : true                                              
                      config.skipInherit : false                                             
                     framework.classpath : /Users/waltyuqing/Documents/sencha_touch/touch-2.4.2/src
                    framework.cmd.minver : 3.1.0.53                                          
                   framework.cmd.version : 4.0.5.87                                          
                    framework.config.dir : /Users/waltyuqing/bin/Sencha/Cmd/6.2.0.103/plugins/touch/2.3
                           framework.dir : /Users/waltyuqing/Documents/sencha_touch/touch-2.4.2
                       framework.ignores : src/locale,src/platform,auth2/Auth.js,scroller/Infinite.js
                          framework.name : touch                                             
                  framework.packages.dir : /Users/waltyuqing/Documents/sencha_touch/touch-2.4.2/packages
                       framework.version : 2.4.2.571                                         
                       inspector.address : http://localhost:1839/                            
                          repo.local.dir : /Users/waltyuqing/bin/Sencha/Cmd/repo             
                      sencha.is.sdk.repo : 1                                                 
        system.java.net.useSystemProxies : true                                              
                               touch.dir : /Users/waltyuqing/Documents/sencha_touch/touch-2.4.2
                          workspace.apps : Myapp,Project                                     
                        workspace.apps.0 : Myapp                                             
                        workspace.apps.1 : Project                                           
                   workspace.apps.length : 2                                                 
                     workspace.build.dir : /Users/waltyuqing/Documents/sencha_touch/touch-2.4.2/build
                    workspace.config.dir : /Users/waltyuqing/Documents/sencha_touch/touch-2.4.2/.sencha/workspace
                           workspace.dir : /Users/waltyuqing/Documents/sencha_touch/touch-2.4.2
                  workspace.packages.dir : /Users/waltyuqing/Documents/sencha_touch/touch-2.4.2/packages/local,/Users/waltyuqing/Documents/sencha_touch/touch-2.4.2/packages
              workspace.packages.extract : /Users/waltyuqing/Documents/sencha_touch/touch-2.4.2/packages/remote

Exception information:
=======================
java.lang.NullPointerException
     at java.io.File.<init>(File.java:277)
     at com.sencha.util.FileUtil.readFile(FileUtil.java:158)
     at com.sencha.tools.compiler.jsb.projects.JsbBuilder.processBuild(JsbBuilder.java:29)
     at com.sencha.command.build.JsbCommand.execute(JsbCommand.java:15)
     at sun.reflect.NativeMethodAccessorImpl.invoke0(Native Method)
     at sun.reflect.NativeMethodAccessorImpl.invoke(NativeMethodAccessorImpl.java:62)
     at sun.reflect.DelegatingMethodAccessorImpl.invoke(DelegatingMethodAccessorImpl.java:43)
     at java.lang.reflect.Method.invoke(Method.java:497)
     at com.sencha.util.MethodInvoker$Arguments.invoke(MethodInvoker.java:175)
     at com.sencha.cli.Command.dispatch(Command.java:43)
     at com.sencha.cli.Commands.dispatch(Commands.java:64)
     at com.sencha.command.Sencha.dispatch(Sencha.java:79)
     at com.sencha.command.Sencha.main(Sencha.java:147)
     at sun.reflect.NativeMethodAccessorImpl.invoke0(Native Method)
     at sun.reflect.NativeMethodAccessorImpl.invoke(NativeMethodAccessorImpl.java:62)
     at sun.reflect.DelegatingMethodAccessorImpl.invoke(DelegatingMethodAccessorImpl.java:43)
     at java.lang.reflect.Method.invoke(Method.java:497)
     at com.exe4j.runtime.LauncherEngine.launch(Unknown Source)
     at com.install4j.runtime.launcher.UnixLauncher.main(Unknown Source)

